New log file opened at Sat Feb 24 20:19:46 JST 2018 by 14896@MAIN
Sending msg to client activator-265580d3-7fe9-4d06-9772-366bcf654cf8: DetachedLogEvent(LogMessage(debug,sbt server socket logs are in: C:\Users\admin\Desktop\PRAC\test\TApp\camapp\.sbtserver\connections\master.log))
Sending msg to client activator-265580d3-7fe9-4d06-9772-366bcf654cf8: DetachedLogEvent(LogMessage(debug,sbt client logs are in: C:\Users\admin\Desktop\PRAC\test\TApp\camapp\.sbtserver\connections\activator-265580d3-7fe9-4d06-9772-366bcf654cf8.log))
Sending msg to client activator-265580d3-7fe9-4d06-9772-366bcf654cf8: DetachedLogEvent(LogMessage(debug,sbt general server logs are in: C:\Users\admin\Desktop\PRAC\test\TApp\camapp\.sbtserver\master.log))
Reading next message from client.
Got request: ListenToEvents()
Reading next message from client.
Got request: ListenToBuildChange()
Sending msg to client activator-265580d3-7fe9-4d06-9772-366bcf654cf8: DetachedLogEvent(LogMessage(debug,> --initialize))
Reading next message from client.
Got request: SendSyntheticBuildChanged()
Reading next message from client.
Got request: KeyLookupRequest(discoveredMainClasses)
Reading next message from client.
Got request: KeyLookupRequest(mainClass)
Reading next message from client.
Sending msg to client activator-265580d3-7fe9-4d06-9772-366bcf654cf8: (3,ReceivedResponse())
Sending msg to client activator-265580d3-7fe9-4d06-9772-366bcf654cf8: DetachedLogEvent(LogMessage(debug,> initialize))
Sending msg to client activator-265580d3-7fe9-4d06-9772-366bcf654cf8: DetachedLogEvent(LogMessage(debug,> onFailure load-failed))
Sending msg to client activator-265580d3-7fe9-4d06-9772-366bcf654cf8: DetachedLogEvent(LogMessage(debug,> boot))
Sending msg to client activator-265580d3-7fe9-4d06-9772-366bcf654cf8: DetachedLogEvent(LogMessage(debug,> reload))
Sending msg to client activator-265580d3-7fe9-4d06-9772-366bcf654cf8: DetachedLogEvent(LogMessage(debug,[Loading] Scanning directory C:\Users\admin\Desktop\PRAC\test\TApp\camapp\project))
Sending msg to client activator-265580d3-7fe9-4d06-9772-366bcf654cf8: DetachedLogEvent(LogStdErr(error: error while loading package, Missing dependency 'object java.lang.Object in compiler mirror', required by C:\Users\admin\.sbt\boot\scala-2.10.4\lib\scala-library.jar(scala/package.class)))
Sending msg to client activator-265580d3-7fe9-4d06-9772-366bcf654cf8: DetachedLogEvent(LogStdErr(error: error while loading package, Missing dependency 'object java.lang.Object in compiler mirror', required by C:\Users\admin\.sbt\boot\scala-2.10.4\lib\scala-library.jar(scala/runtime/package.class)))
Sending msg to client activator-265580d3-7fe9-4d06-9772-366bcf654cf8: DetachedLogEvent(LogTrace(MissingRequirementError,object java.lang.Object in compiler mirror not found.))
Sending msg to client activator-265580d3-7fe9-4d06-9772-366bcf654cf8: DetachedLogEvent(LogMessage(error,scala.reflect.internal.MissingRequirementError: object java.lang.Object in compiler mirror not found.))
Sending msg to client activator-265580d3-7fe9-4d06-9772-366bcf654cf8: DetachedLogEvent(LogMessage(error,Use 'last' for the full log.))
Sending msg to client activator-265580d3-7fe9-4d06-9772-366bcf654cf8: DetachedLogEvent(LogMessage(debug,> load-failed))
Sending msg to client activator-265580d3-7fe9-4d06-9772-366bcf654cf8: DetachedLogEvent(LogMessage(error,Failed to load project.))
Sending msg to client activator-265580d3-7fe9-4d06-9772-366bcf654cf8: BuildFailedToLoad()
Sending msg to client activator-265580d3-7fe9-4d06-9772-366bcf654cf8: DetachedLogEvent(LogMessage(debug,> server-wait-for-reboot))
Got request: UnlistenToEvents()
Reading next message from client.
Got request: UnlistenToBuildChange()
Reading next message from client.
Client activator-265580d3-7fe9-4d06-9772-366bcf654cf8 EOF, shutting down.
Sending msg to client activator-265580d3-7fe9-4d06-9772-366bcf654cf8: (8,ReceivedResponse())
Stopping client.
Dropping message (0,ReceivedResponse()) to dead client activator-265580d3-7fe9-4d06-9772-366bcf654cf8
Client activator-265580d3-7fe9-4d06-9772-366bcf654cf8 thread exiting.
