New log file opened at Sat Feb 24 20:19:46 JST 2018 by 14896@MAIN
Sending msg to client activator-35b08789-6f8d-4f69-b1ba-73fa04e0be27: DetachedLogEvent(LogMessage(debug,sbt server socket logs are in: C:\Users\admin\Desktop\PRAC\test\TApp\camapp\.sbtserver\connections\master.log))
Sending msg to client activator-35b08789-6f8d-4f69-b1ba-73fa04e0be27: DetachedLogEvent(LogMessage(debug,sbt general server logs are in: C:\Users\admin\Desktop\PRAC\test\TApp\camapp\.sbtserver\master.log))
Sending msg to client activator-35b08789-6f8d-4f69-b1ba-73fa04e0be27: DetachedLogEvent(LogMessage(debug,sbt client logs are in: C:\Users\admin\Desktop\PRAC\test\TApp\camapp\.sbtserver\connections\activator-35b08789-6f8d-4f69-b1ba-73fa04e0be27.log))
Reading next message from client.
Got request: ListenToEvents()
Reading next message from client.
Sending msg to client activator-35b08789-6f8d-4f69-b1ba-73fa04e0be27: (3,ReceivedResponse())
Got request: ListenToBuildChange()
Reading next message from client.
Got request: SendSyntheticBuildChanged()
Reading next message from client.
Got request: KeyLookupRequest(discoveredMainClasses)
Reading next message from client.
Got request: KeyLookupRequest(mainClass)
Reading next message from client.
Got request: ExecutionRequest(compile)
Reading next message from client.
Sending msg to client activator-35b08789-6f8d-4f69-b1ba-73fa04e0be27: DetachedLogEvent(LogMessage(debug,> initialize))
Sending msg to client activator-35b08789-6f8d-4f69-b1ba-73fa04e0be27: DetachedLogEvent(LogMessage(debug,> onFailure load-failed))
Sending msg to client activator-35b08789-6f8d-4f69-b1ba-73fa04e0be27: DetachedLogEvent(LogMessage(debug,> boot))
Sending msg to client activator-35b08789-6f8d-4f69-b1ba-73fa04e0be27: DetachedLogEvent(LogMessage(debug,> reload))
Sending msg to client activator-35b08789-6f8d-4f69-b1ba-73fa04e0be27: DetachedLogEvent(LogMessage(debug,[Loading] Scanning directory C:\Users\admin\Desktop\PRAC\test\TApp\camapp\project))
Sending msg to client activator-35b08789-6f8d-4f69-b1ba-73fa04e0be27: DetachedLogEvent(LogStdErr(error: error while loading package, Missing dependency 'object java.lang.Object in compiler mirror', required by C:\Users\admin\.sbt\boot\scala-2.10.4\lib\scala-library.jar(scala/package.class)))
Sending msg to client activator-35b08789-6f8d-4f69-b1ba-73fa04e0be27: DetachedLogEvent(LogStdErr(error: error while loading package, Missing dependency 'object java.lang.Object in compiler mirror', required by C:\Users\admin\.sbt\boot\scala-2.10.4\lib\scala-library.jar(scala/runtime/package.class)))
Sending msg to client activator-35b08789-6f8d-4f69-b1ba-73fa04e0be27: DetachedLogEvent(LogTrace(MissingRequirementError,object java.lang.Object in compiler mirror not found.))
Sending msg to client activator-35b08789-6f8d-4f69-b1ba-73fa04e0be27: DetachedLogEvent(LogMessage(error,scala.reflect.internal.MissingRequirementError: object java.lang.Object in compiler mirror not found.))
Sending msg to client activator-35b08789-6f8d-4f69-b1ba-73fa04e0be27: DetachedLogEvent(LogMessage(error,Use 'last' for the full log.))
Sending msg to client activator-35b08789-6f8d-4f69-b1ba-73fa04e0be27: DetachedLogEvent(LogMessage(debug,> load-failed))
Sending msg to client activator-35b08789-6f8d-4f69-b1ba-73fa04e0be27: DetachedLogEvent(LogMessage(error,Failed to load project.))
Sending msg to client activator-35b08789-6f8d-4f69-b1ba-73fa04e0be27: BuildFailedToLoad()
Sending msg to client activator-35b08789-6f8d-4f69-b1ba-73fa04e0be27: DetachedLogEvent(LogMessage(debug,> server-wait-for-reboot))
Client activator-35b08789-6f8d-4f69-b1ba-73fa04e0be27 closed, java.net.SocketException: Connection reset, shutting down
Stopping client.
Client activator-35b08789-6f8d-4f69-b1ba-73fa04e0be27 thread exiting.
Dropping message (0,ReceivedResponse()) to dead client activator-35b08789-6f8d-4f69-b1ba-73fa04e0be27
