New log file opened at Sat Feb 24 20:19:46 JST 2018 by 14896@MAIN
jvm 14896@MAIN
jvm vmName=Java HotSpot(TM) 64-Bit Server VM vmVendor=Oracle Corporation vmVersion=9.0.4+11
jvm specName=Java Virtual Machine Specification specVendor=Oracle Corporation specVersion=9
jvm arguments: [-Xms256m, -Xmx1024m, -XX:PermSize=64m, -XX:MaxPermSize=256m]
Starting event engine
Starting sbt command engine
Waiting for sbt command engine
Command engine arguments=List()
Command engine baseDirectory=C:\Users\admin\Desktop\PRAC\test\TApp\camapp
Command engine initial remaining commands List(--initialize, onFailure load-failed, boot, server-send-ready-for-request, server-handle-next-server-request)
> --initialize
> initialize
> onFailure load-failed
> boot
> reload
[Loading] Scanning directory C:\Users\admin\Desktop\PRAC\test\TApp\camapp\project
error: error while loading package, Missing dependency 'object java.lang.Object in compiler mirror', required by C:\Users\admin\.sbt\boot\scala-2.10.4\lib\scala-library.jar(scala/package.class)
error: error while loading package, Missing dependency 'object java.lang.Object in compiler mirror', required by C:\Users\admin\.sbt\boot\scala-2.10.4\lib\scala-library.jar(scala/runtime/package.class)
object java.lang.Object in compiler mirror not found.
scala.reflect.internal.MissingRequirementError: object java.lang.Object in compiler mirror not found.
Use 'last' for the full log.
> load-failed
Failed to load project.
> server-wait-for-reboot
Done executing sbt server engine, result Right(Exit(0))
Closing listening server socket
Waiting for socket thread
Waiting for request processor thread
Waiting for command engine result
Returning control to sbt launcher with result Exit(0)
Closing the 14896@MAIN logs at Sat Feb 24 20:22:46 JST 2018, goodbye.
